<?xml version="1.0" encoding="UTF-8"?>
<!-- Generated by org.testng.reporters.JUnitReportReporter -->
<testsuite skipped="0" hostname="DESKTOP-N9M8VUU" name="de.HFB.testCases.Functional_TC_loginTest_001" tests="1" failures="0" timestamp="2020-01-16T17:48:26 CET" time="1.396" errors="0">
  <testcase name="loginTest" time="1.396" classname="de.HFB.testCases.Functional_TC_loginTest_001"/>
  <system-out/>
</testsuite> <!-- de.HFB.testCases.Functional_TC_loginTest_001 -->
